2025-08-17 14:08:04,511 - INFO - Abriendo conexión a la base de datos 'Boletas'...
2025-08-17 14:08:04,612 - INFO - Tabla 'boletas_data' verificada/creada exitosamente.
2025-08-17 14:08:04,614 - INFO - Procesando: c:\Users\Petazo\Desktop\Boletas Jumbo\v140036176jmch-01_1724247209906.pdf
2025-08-17 14:08:04,648 - INFO - Datos de v140036176jmch-01_1724247209906.pdf insertados correctamente.
2025-08-17 14:08:04,648 - INFO - Procesando: c:\Users\Petazo\Desktop\Boletas Jumbo\v143039755jmch-01_1727045015812.pdf
2025-08-17 14:08:04,679 - INFO - Datos de v143039755jmch-01_1727045015812.pdf insertados correctamente.
2025-08-17 14:08:04,680 - INFO - Procesando: c:\Users\Petazo\Desktop\Boletas Jumbo\v144112494jmch-01_1727894783570.pdf
2025-08-17 14:08:04,687 - INFO - Datos de v144112494jmch-01_1727894783570.pdf insertados correctamente.
2025-08-17 14:08:04,687 - INFO - Procesando: c:\Users\Petazo\Desktop\Boletas Jumbo\v145967758jmch-01_1729548984026.pdf
2025-08-17 14:08:04,719 - INFO - Datos de v145967758jmch-01_1729548984026.pdf insertados correctamente.
2025-08-17 14:08:04,719 - INFO - Procesando: c:\Users\Petazo\Desktop\Boletas Jumbo\v148790616jmch-01_1732145836834.pdf
2025-08-17 14:08:04,750 - INFO - Datos de v148790616jmch-01_1732145836834.pdf insertados correctamente.
2025-08-17 14:08:04,751 - INFO - Procesando: c:\Users\Petazo\Desktop\Boletas Jumbo\v150870435jmch-01_1733928350729.pdf
2025-08-17 14:08:04,757 - INFO - Datos de v150870435jmch-01_1733928350729.pdf insertados correctamente.
2025-08-17 14:08:04,758 - INFO - Procesando: c:\Users\Petazo\Desktop\Boletas Jumbo\v152409156jmch-01_1735225330858.pdf
2025-08-17 14:08:04,764 - WARNING - No se pudo extraer la fecha de c:\Users\Petazo\Desktop\Boletas Jumbo\v152409156jmch-01_1735225330858.pdf. Saltando.
2025-08-17 14:08:04,764 - WARNING - No se pudo procesar completamente v152409156jmch-01_1735225330858.pdf. Saltando.
2025-08-17 14:08:04,765 - INFO - Procesando: c:\Users\Petazo\Desktop\Boletas Jumbo\v152462137jmch-01_1735233354847.pdf
2025-08-17 14:08:04,767 - WARNING - No se pudo extraer la fecha de c:\Users\Petazo\Desktop\Boletas Jumbo\v152462137jmch-01_1735233354847.pdf. Saltando.
2025-08-17 14:08:04,767 - WARNING - No se pudo procesar completamente v152462137jmch-01_1735233354847.pdf. Saltando.
2025-08-17 14:08:04,768 - INFO - Procesando: c:\Users\Petazo\Desktop\Boletas Jumbo\v154557773jmch-01_1737151754937.pdf
2025-08-17 14:08:04,785 - INFO - Datos de v154557773jmch-01_1737151754937.pdf insertados correctamente.
2025-08-17 14:08:04,786 - INFO - Procesando: c:\Users\Petazo\Desktop\Boletas Jumbo\v155188070jmch-01_1737822355289.pdf
2025-08-17 14:08:04,812 - INFO - Datos de v155188070jmch-01_1737822355289.pdf insertados correctamente.
2025-08-17 14:08:04,813 - INFO - Procesando: c:\Users\Petazo\Desktop\Boletas Jumbo\v156450350jmch-01_1738946368275.pdf
2025-08-17 14:08:04,821 - INFO - Datos de v156450350jmch-01_1738946368275.pdf insertados correctamente.
2025-08-17 14:08:04,822 - INFO - Procesando: c:\Users\Petazo\Desktop\Boletas Jumbo\v158151611jmch-01_1740611353380.pdf
2025-08-17 14:08:04,854 - INFO - Datos de v158151611jmch-01_1740611353380.pdf insertados correctamente.
2025-08-17 14:08:04,854 - INFO - Procesando: c:\Users\Petazo\Desktop\Boletas Jumbo\v160710437jmch-01_1742823149754.pdf
2025-08-17 14:08:04,887 - INFO - Datos de v160710437jmch-01_1742823149754.pdf insertados correctamente.
2025-08-17 14:08:04,888 - INFO - Procesando: c:\Users\Petazo\Desktop\Boletas Jumbo\v200179984jmch-01_1744390248110.pdf
2025-08-17 14:08:04,901 - INFO - Datos de v200179984jmch-01_1744390248110.pdf insertados correctamente.
2025-08-17 14:08:04,902 - INFO - Procesando: c:\Users\Petazo\Desktop\Boletas Jumbo\v200599146jmch-01_1745181829238.pdf
2025-08-17 14:08:04,913 - INFO - Datos de v200599146jmch-01_1745181829238.pdf insertados correctamente.
2025-08-17 14:08:04,914 - INFO - Procesando: c:\Users\Petazo\Desktop\Boletas Jumbo\v200752583jmch-01_1745358030372.pdf
2025-08-17 14:08:04,940 - INFO - Datos de v200752583jmch-01_1745358030372.pdf insertados correctamente.
2025-08-17 14:08:04,941 - INFO - Procesando: c:\Users\Petazo\Desktop\Boletas Jumbo\v203035005jmch-01_1748121800281.pdf
2025-08-17 14:08:04,968 - INFO - Datos de v203035005jmch-01_1748121800281.pdf insertados correctamente.
2025-08-17 14:08:04,968 - INFO - Procesando: c:\Users\Petazo\Desktop\Boletas Jumbo\v205401953jmch-01_1750983715362.pdf
2025-08-17 14:08:04,999 - INFO - Datos de v205401953jmch-01_1750983715362.pdf insertados correctamente.
2025-08-17 14:08:04,999 - INFO - Procesando: c:\Users\Petazo\Desktop\Boletas Jumbo\v205402874jmch-01_1751149063304.pdf
2025-08-17 14:08:05,005 - INFO - Datos de v205402874jmch-01_1751149063304.pdf insertados correctamente.
2025-08-17 14:08:05,005 - INFO - Procesando: c:\Users\Petazo\Desktop\Boletas Jumbo\v205403043jmch-01_1751147312229.pdf
2025-08-17 14:08:05,010 - INFO - Datos de v205403043jmch-01_1751147312229.pdf insertados correctamente.
2025-08-17 14:08:05,010 - INFO - Procesando: c:\Users\Petazo\Desktop\Boletas Jumbo\v206619021jmch-01_1752604982902.pdf
2025-08-17 14:08:05,016 - INFO - Datos de v206619021jmch-01_1752604982902.pdf insertados correctamente.
2025-08-17 14:08:05,016 - INFO - Procesando: c:\Users\Petazo\Desktop\Boletas Jumbo\v207167311jmch-01_1753299225168.pdf
2025-08-17 14:08:05,042 - INFO - Datos de v207167311jmch-01_1753299225168.pdf insertados correctamente.
2025-08-17 14:08:05,042 - INFO - Cerrando conexión a la base de datos.
2025-08-17 14:08:05,043 - INFO - 
Proceso completado. Revisa tu base de datos MySQL.
